10034
34
6
1f0020
280009
200034
5
20d8
34
10280
1
f30002
10101
464c457f
10000
1
1
4
22
22
10154
10154
154
3
4
4
120
120
10034
11f10
f10
2
1000
6
118
114
11f04
11f04
f04
1
1000
5
420
420
10000
103e0
3e0
6474e550
4
4
20
20
10178
10178
178
4
4
6
f0
f0
11f10
11f04
f04
6474e552
10
6
6474e551
4
4
14
14
103e0
10
4
31
2e6f732e
64323370
6c692d32
33766373
69722d78
756e696c
2d646c2f
62696c2f
1
4
fc
fc
11f04
24000
5
1
1
2
1
2
1
3
554e47
1
74735f63
62696c5f
5f00362e
6f732e63
62696c00
12
10270
b
f63d4e2f
1
105
12008
1d
20000
6969186
10
1
10001
20000
36322e
325f4342
494c4700
6e69616d
5f747261
13
e0367
d98e2e03
2e17
e0067
42a283
235313
db038293
fd430313
db03ae03
41c30333
2397
b630007
7130005
7936749
65498082
56818193
2197
b7e9880a
14070713
717
f068693
697
ff017113
504582
a050513
517
87aa2025
50513
30563
30313
337
c9918585
95be01f5
d7938589
8d9d0007
5936749
50793
65498082
83020005
5130003
5630003
3130000
33700f7
b36293
b36293
b36293
b36293
b36293
b36293
b36293
bf558082
1414422
40b200f4
c234785
3745e789
c6060184
47836449
c4221141
80828302
b36293
b36293
b36293
b36293
b36293
b36293
b36293
b36293
b36293
b36293
b36293
b36293
b36293
b36293
b36293
b36293
854e85d2
8656401c
448189aa
8a2e8ab2
90f63
40295913
c256c452
c64eca26
ce064089
933b7a9
9130000
2917b7e4
4130000
2417c84a
cc221101
b36293
527a01
10
28
fffffea0
1
10
3b031b01
8082
80826105
4a924a22
49b24942
44d24462
40f2fe99
19e30411
97820485
28
fffffe70
18
10
20d1b
1017c01
11f0c
1a
4
1b
11f08
19
4
21
11f04
20
1
1
10304
10322
102a8
15
10
b
28
a
101cc
6
101ec
5
101ac
6ffffef5
10198
4
4
1c
10218
6ffffffe
c
9
c
8
10238
7
10238
17
7
14
c
2
12000
3
10214
6ffffff0
1
6fffffff
20001
11f10
10250
ffffffff
END
in_instruction: 0x0
in_instruction: 0x0
t: 0
PC: 0
new_PC: 0  inst_going_in: 10034

in_instruction: 0x10034
in_instruction: 0x10034
t: 2
PC: 1
new_PC: 1  inst_going_in: 34

in_instruction: 0x34
in_instruction: 0x34
t: 4
PC: 2
new_PC: 2  inst_going_in: 6

in_instruction: 0x6
in_instruction: 0x6
t: 6
PC: 3
new_PC: 3  inst_going_in: 1f0020

in_instruction: 0x1f0020
in_instruction: 0x1f0020
t: 8
PC: 4
new_PC: 4  inst_going_in: 280009

in_instruction: 0x280009
in_instruction: 0x280009
t: a
PC: 5
new_PC: 5  inst_going_in: 200034

in_instruction: 0x200034
in_instruction: 0x200034
t: c
PC: 6
new_PC: 6  inst_going_in: 5

in_instruction: 0x5
in_instruction: 0x5
t: e
PC: 7
new_PC: 7  inst_going_in: 20d8

in_instruction: 0x20d8
in_instruction: 0x20d8
t: 10
PC: 8
new_PC: 8  inst_going_in: 34

in_instruction: 0x34
in_instruction: 0x34
t: 12
PC: 9
new_PC: 9  inst_going_in: 10280

in_instruction: 0x10280
in_instruction: 0x10280
t: 14
PC: 10
new_PC: 10  inst_going_in: 1

in_instruction: 0x1
in_instruction: 0x1
t: 16
PC: 11
new_PC: 11  inst_going_in: f30002

in_instruction: 0xf30002
in_instruction: 0xf30002
t: 18
PC: 12
new_PC: 12  inst_going_in: 10101

in_instruction: 0x10101
in_instruction: 0x10101
t: 1a
PC: 13
new_PC: 13  inst_going_in: 464c457f

in_instruction: 0x464c457f
in_instruction: 0x464c457f
t: 1c
PC: 14
new_PC: 14  inst_going_in: 10000

in_instruction: 0x10000
in_instruction: 0x10000
t: 1e
PC: 15
new_PC: 15  inst_going_in: 1

in_instruction: 0x1
in_instruction: 0x1
t: 20
PC: 16
new_PC: 16  inst_going_in: 1

in_instruction: 0x1
in_instruction: 0x1
t: 22
PC: 17
new_PC: 17  inst_going_in: 4

in_instruction: 0x4
in_instruction: 0x4
t: 24
PC: 18
new_PC: 18  inst_going_in: 22

in_instruction: 0x22
in_instruction: 0x22
t: 26
PC: 19
new_PC: 19  inst_going_in: 22

in_instruction: 0x22
in_instruction: 0x22
t: 28
PC: 20
new_PC: 20  inst_going_in: 10154

in_instruction: 0x10154
in_instruction: 0x10154
t: 2a
PC: 21
new_PC: 21  inst_going_in: 10154

in_instruction: 0x10154
in_instruction: 0x10154
t: 2c
PC: 22
new_PC: 22  inst_going_in: 154

in_instruction: 0x154
in_instruction: 0x154
t: 2e
PC: 23
new_PC: 23  inst_going_in: 3

in_instruction: 0x3
in_instruction: 0x3
t: 30
PC: 24
new_PC: 24  inst_going_in: 4

in_instruction: 0x4
in_instruction: 0x4
t: 32
PC: 25
new_PC: 25  inst_going_in: 4

in_instruction: 0x4
in_instruction: 0x4
t: 34
PC: 26
new_PC: 26  inst_going_in: 120

in_instruction: 0x120
in_instruction: 0x120
t: 36
PC: 27
new_PC: 27  inst_going_in: 120

in_instruction: 0x120
in_instruction: 0x120
t: 38
PC: 28
new_PC: 28  inst_going_in: 10034

in_instruction: 0x10034
in_instruction: 0x10034
t: 3a
PC: 29
new_PC: 29  inst_going_in: 11f10

in_instruction: 0x11f10
in_instruction: 0x11f10
t: 3c
PC: 30
new_PC: 30  inst_going_in: f10

in_instruction: 0xf10
in_instruction: 0xf10
t: 3e
PC: 31
new_PC: 31  inst_going_in: 2

in_instruction: 0x2
in_instruction: 0x2
t: 40
PC: 32
new_PC: 32  inst_going_in: 1000

in_instruction: 0x1000
in_instruction: 0x1000
t: 42
PC: 33
new_PC: 33  inst_going_in: 6

in_instruction: 0x6
in_instruction: 0x6
t: 44
PC: 34
new_PC: 34  inst_going_in: 118

in_instruction: 0x118
in_instruction: 0x118
t: 46
PC: 35
new_PC: 35  inst_going_in: 114

in_instruction: 0x114
in_instruction: 0x114
t: 48
PC: 36
new_PC: 36  inst_going_in: 11f04

in_instruction: 0x11f04
in_instruction: 0x11f04
t: 4a
PC: 37
new_PC: 37  inst_going_in: 11f04

in_instruction: 0x11f04
in_instruction: 0x11f04
t: 4c
PC: 38
new_PC: 38  inst_going_in: f04

in_instruction: 0xf04
in_instruction: 0xf04
t: 4e
PC: 39
new_PC: 39  inst_going_in: 1

in_instruction: 0x1
in_instruction: 0x1
t: 50
PC: 40
new_PC: 40  inst_going_in: 1000

in_instruction: 0x1000
in_instruction: 0x1000
t: 52
PC: 41
new_PC: 41  inst_going_in: 5

in_instruction: 0x5
in_instruction: 0x5
t: 54
PC: 42
new_PC: 42  inst_going_in: 420

in_instruction: 0x420
in_instruction: 0x420
t: 56
PC: 43
new_PC: 43  inst_going_in: 420

in_instruction: 0x420
in_instruction: 0x420
t: 58
PC: 44
new_PC: 44  inst_going_in: 10000

in_instruction: 0x10000
in_instruction: 0x10000
t: 5a
PC: 45
new_PC: 45  inst_going_in: 103e0

in_instruction: 0x103e0
in_instruction: 0x103e0
t: 5c
PC: 46
new_PC: 46  inst_going_in: 3e0

in_instruction: 0x3e0
in_instruction: 0x3e0
t: 5e
PC: 47
new_PC: 47  inst_going_in: 6474e550

in_instruction: 0x6474e550
in_instruction: 0x6474e550
t: 60
PC: 48
new_PC: 48  inst_going_in: 4

in_instruction: 0x4
in_instruction: 0x4
t: 62
PC: 49
new_PC: 49  inst_going_in: 4

in_instruction: 0x4
in_instruction: 0x4
t: 64
PC: 50
new_PC: 50  inst_going_in: 20

in_instruction: 0x20
in_instruction: 0x20
t: 66
PC: 51
new_PC: 51  inst_going_in: 20

in_instruction: 0x20
in_instruction: 0x20
t: 68
PC: 52
new_PC: 52  inst_going_in: 10178

in_instruction: 0x10178
in_instruction: 0x10178
t: 6a
PC: 53
new_PC: 53  inst_going_in: 10178

in_instruction: 0x10178
in_instruction: 0x10178
t: 6c
PC: 54
new_PC: 54  inst_going_in: 178

in_instruction: 0x178
in_instruction: 0x178
t: 6e
PC: 55
new_PC: 55  inst_going_in: 4

in_instruction: 0x4
in_instruction: 0x4
t: 70
PC: 56
new_PC: 56  inst_going_in: 4

in_instruction: 0x4
in_instruction: 0x4
t: 72
PC: 57
new_PC: 57  inst_going_in: 6

in_instruction: 0x6
in_instruction: 0x6
t: 74
PC: 58
new_PC: 58  inst_going_in: f0

in_instruction: 0xf0
in_instruction: 0xf0
t: 76
PC: 59
new_PC: 59  inst_going_in: f0

in_instruction: 0xf0
in_instruction: 0xf0
t: 78
PC: 60
new_PC: 60  inst_going_in: 11f10

in_instruction: 0x11f10
in_instruction: 0x11f10
t: 7a
PC: 61
new_PC: 61  inst_going_in: 11f04

in_instruction: 0x11f04
in_instruction: 0x11f04
t: 7c
PC: 62
new_PC: 62  inst_going_in: f04

in_instruction: 0xf04
in_instruction: 0xf04
t: 7e
PC: 63
new_PC: 63  inst_going_in: 6474e552

in_instruction: 0x6474e552
in_instruction: 0x6474e552
t: 80
PC: 64
new_PC: 64  inst_going_in: 10

in_instruction: 0x10
in_instruction: 0x10
t: 82
PC: 65
new_PC: 65  inst_going_in: 6

in_instruction: 0x6
in_instruction: 0x6
t: 84
PC: 66
new_PC: 66  inst_going_in: 6474e551

in_instruction: 0x6474e551
in_instruction: 0x6474e551
t: 86
PC: 67
new_PC: 67  inst_going_in: 4

in_instruction: 0x4
in_instruction: 0x4
t: 88
PC: 68
new_PC: 68  inst_going_in: 4

in_instruction: 0x4
in_instruction: 0x4
t: 8a
PC: 69
new_PC: 69  inst_going_in: 14

in_instruction: 0x14
in_instruction: 0x14
t: 8c
PC: 70
new_PC: 70  inst_going_in: 14

in_instruction: 0x14
in_instruction: 0x14
t: 8e
PC: 71
new_PC: 71  inst_going_in: 103e0

in_instruction: 0x103e0
in_instruction: 0x103e0
t: 90
PC: 72
new_PC: 72  inst_going_in: 10

in_instruction: 0x10
in_instruction: 0x10
t: 92
PC: 73
new_PC: 73  inst_going_in: 4

in_instruction: 0x4
in_instruction: 0x4
t: 94
PC: 74
new_PC: 74  inst_going_in: 31

in_instruction: 0x31
in_instruction: 0x31
t: 96
PC: 75
new_PC: 75  inst_going_in: 2e6f732e

in_instruction: 0x2e6f732e
in_instruction: 0x2e6f732e
t: 98
PC: 76
new_PC: 76  inst_going_in: 64323370

in_instruction: 0x64323370
in_instruction: 0x64323370
t: 9a
PC: 77
new_PC: 77  inst_going_in: 6c692d32

in_instruction: 0x6c692d32
in_instruction: 0x6c692d32
t: 9c
PC: 78
new_PC: 78  inst_going_in: 33766373

in_instruction: 0x33766373
in_instruction: 0x33766373
t: 9e
PC: 79
new_PC: 79  inst_going_in: 69722d78

in_instruction: 0x69722d78
in_instruction: 0x69722d78
t: a0
PC: 80
new_PC: 80  inst_going_in: 756e696c

in_instruction: 0x756e696c
in_instruction: 0x756e696c
t: a2
PC: 81
new_PC: 81  inst_going_in: 2d646c2f

in_instruction: 0x2d646c2f
in_instruction: 0x2d646c2f
t: a4
PC: 82
new_PC: 82  inst_going_in: 62696c2f

in_instruction: 0x62696c2f
in_instruction: 0x62696c2f
t: a6
PC: 83
new_PC: 83  inst_going_in: 1

in_instruction: 0x1
in_instruction: 0x1
t: a8
PC: 84
new_PC: 84  inst_going_in: 4

in_instruction: 0x4
in_instruction: 0x4
t: aa
PC: 85
new_PC: 85  inst_going_in: fc

in_instruction: 0xfc
in_instruction: 0xfc
t: ac
PC: 86
new_PC: 86  inst_going_in: fc

in_instruction: 0xfc
in_instruction: 0xfc
t: ae
PC: 87
new_PC: 87  inst_going_in: 11f04

in_instruction: 0x11f04
in_instruction: 0x11f04
t: b0
PC: 88
new_PC: 88  inst_going_in: 24000

in_instruction: 0x24000
in_instruction: 0x24000
t: b2
PC: 89
new_PC: 89  inst_going_in: 5

in_instruction: 0x5
in_instruction: 0x5
t: b4
PC: 90
new_PC: 90  inst_going_in: 1

in_instruction: 0x1
in_instruction: 0x1
t: b6
PC: 91
new_PC: 91  inst_going_in: 1

in_instruction: 0x1
in_instruction: 0x1
t: b8
PC: 92
new_PC: 92  inst_going_in: 2

in_instruction: 0x2
in_instruction: 0x2
t: ba
PC: 93
new_PC: 93  inst_going_in: 1

in_instruction: 0x1
in_instruction: 0x1
t: bc
PC: 94
new_PC: 94  inst_going_in: 2

in_instruction: 0x2
in_instruction: 0x2
t: be
PC: 95
new_PC: 95  inst_going_in: 1

in_instruction: 0x1
in_instruction: 0x1
t: c0
PC: 96
new_PC: 96  inst_going_in: 3

in_instruction: 0x3
in_instruction: 0x3
t: c2
PC: 97
new_PC: 97  inst_going_in: 554e47

in_instruction: 0x554e47
in_instruction: 0x554e47
t: c4
PC: 98
new_PC: 98  inst_going_in: 1

in_instruction: 0x1
in_instruction: 0x1
t: c6
PC: 99
new_PC: 99  inst_going_in: 74735f63

in_instruction: 0x74735f63
in_instruction: 0x74735f63
t: c8
PC: 100
new_PC: 100  inst_going_in: 62696c5f

in_instruction: 0x62696c5f
in_instruction: 0x62696c5f
t: ca
PC: 101
new_PC: 101  inst_going_in: 5f00362e

in_instruction: 0x5f00362e
in_instruction: 0x5f00362e
t: cc
PC: 102
new_PC: 102  inst_going_in: 6f732e63

in_instruction: 0x6f732e63
in_instruction: 0x6f732e63
t: ce
PC: 103
new_PC: 103  inst_going_in: 62696c00

in_instruction: 0x62696c00
in_instruction: 0x62696c00
t: d0
PC: 104
new_PC: 104  inst_going_in: 12

in_instruction: 0x12
in_instruction: 0x12
t: d2
PC: 105
new_PC: 105  inst_going_in: 10270

in_instruction: 0x10270
in_instruction: 0x10270
t: d4
PC: 106
new_PC: 106  inst_going_in: b

in_instruction: 0xb
in_instruction: 0xb
t: d6
PC: 107
new_PC: 107  inst_going_in: f63d4e2f

in_instruction: 0xf63d4e2f
in_instruction: 0xf63d4e2f
t: d8
PC: 108
new_PC: 108  inst_going_in: 1

in_instruction: 0x1
in_instruction: 0x1
t: da
PC: 109
new_PC: 109  inst_going_in: 105

in_instruction: 0x105
in_instruction: 0x105
t: dc
PC: 110
new_PC: 110  inst_going_in: 12008

in_instruction: 0x12008
in_instruction: 0x12008
t: de
PC: 111
new_PC: 111  inst_going_in: 1d

in_instruction: 0x1d
in_instruction: 0x1d
t: e0
PC: 112
new_PC: 112  inst_going_in: 20000

in_instruction: 0x20000
in_instruction: 0x20000
t: e2
PC: 113
new_PC: 113  inst_going_in: 6969186

in_instruction: 0x6969186
in_instruction: 0x6969186
t: e4
PC: 114
new_PC: 114  inst_going_in: 10

in_instruction: 0x10
in_instruction: 0x10
t: e6
PC: 115
new_PC: 115  inst_going_in: 1

in_instruction: 0x1
in_instruction: 0x1
t: e8
PC: 116
new_PC: 116  inst_going_in: 10001

in_instruction: 0x10001
in_instruction: 0x10001
t: ea
PC: 117
new_PC: 117  inst_going_in: 20000

in_instruction: 0x20000
in_instruction: 0x20000
t: ec
PC: 118
new_PC: 118  inst_going_in: 36322e

in_instruction: 0x36322e
in_instruction: 0x36322e
t: ee
PC: 119
new_PC: 119  inst_going_in: 325f4342

in_instruction: 0x325f4342
in_instruction: 0x325f4342
t: f0
PC: 120
new_PC: 120  inst_going_in: 494c4700

in_instruction: 0x494c4700
in_instruction: 0x494c4700
t: f2
PC: 121
new_PC: 121  inst_going_in: 6e69616d

in_instruction: 0x6e69616d
in_instruction: 0x6e69616d
t: f4
PC: 122
new_PC: 122  inst_going_in: 5f747261

in_instruction: 0x5f747261
in_instruction: 0x5f747261
t: f6
PC: 123
new_PC: 123  inst_going_in: 13

in_instruction: 0x13
in_instruction: 0x13
t: f8
PC: 124
new_PC: 124  inst_going_in: e0367

in_instruction: 0xe0367
in_instruction: 0xe0367
t: fa
PC: 125
new_PC: 125  inst_going_in: d98e2e03

in_instruction: 0xd98e2e03
in_instruction: 0xd98e2e03
t: fc
PC: 126
new_PC: 126  inst_going_in: 2e17

in_instruction: 0x2e17
in_instruction: 0x2e17
t: fe
PC: 127
new_PC: 127  inst_going_in: e0067

in_instruction: 0xe0067
in_instruction: 0xe0067
t: 100
PC: 128
new_PC: 128  inst_going_in: 42a283

in_instruction: 0x42a283
in_instruction: 0x42a283
t: 102
PC: 129
new_PC: 129  inst_going_in: 235313

in_instruction: 0x235313
in_instruction: 0x235313
t: 104
PC: 130
new_PC: 130  inst_going_in: db038293

in_instruction: 0xdb038293
in_instruction: 0xdb038293
t: 106
PC: 131
new_PC: 131  inst_going_in: fd430313

in_instruction: 0xfd430313
in_instruction: 0xfd430313
t: 108
PC: 132
new_PC: 132  inst_going_in: db03ae03

in_instruction: 0xdb03ae03
in_instruction: 0xdb03ae03
t: 10a
PC: 133
new_PC: 133  inst_going_in: 41c30333

in_instruction: 0x41c30333
in_instruction: 0x41c30333
t: 10c
PC: 134
new_PC: 134  inst_going_in: 2397

in_instruction: 0x2397
in_instruction: 0x2397
t: 10e
PC: 135
new_PC: 135  inst_going_in: b630007

in_instruction: 0xb630007
in_instruction: 0xb630007
t: 110
PC: 136
new_PC: 136  inst_going_in: 7130005

in_instruction: 0x7130005
in_instruction: 0x7130005
t: 112
PC: 137
new_PC: 137  inst_going_in: 7936749

in_instruction: 0x7936749
in_instruction: 0x7936749
t: 114
PC: 138
new_PC: 138  inst_going_in: 65498082

in_instruction: 0x65498082
in_instruction: 0x65498082
t: 116
PC: 139
new_PC: 139  inst_going_in: 56818193

in_instruction: 0x56818193
in_instruction: 0x56818193
t: 118
PC: 140
new_PC: 140  inst_going_in: 2197

in_instruction: 0x2197
in_instruction: 0x2197
t: 11a
PC: 141
new_PC: 141  inst_going_in: b7e9880a

in_instruction: 0xb7e9880a
in_instruction: 0xb7e9880a
t: 11c
PC: 142
new_PC: 142  inst_going_in: 14070713

in_instruction: 0x14070713
in_instruction: 0x14070713
t: 11e
PC: 143
new_PC: 143  inst_going_in: 717

in_instruction: 0x717
in_instruction: 0x717
t: 120
PC: 144
new_PC: 144  inst_going_in: f068693

in_instruction: 0xf068693
in_instruction: 0xf068693
t: 122
PC: 145
new_PC: 145  inst_going_in: 697

in_instruction: 0x697
in_instruction: 0x697
t: 124
PC: 146
new_PC: 146  inst_going_in: ff017113

in_instruction: 0xff017113
in_instruction: 0xff017113
t: 126
PC: 147
new_PC: 147  inst_going_in: 504582

in_instruction: 0x504582
in_instruction: 0x504582
t: 128
PC: 148
new_PC: 148  inst_going_in: a050513

in_instruction: 0xa050513
in_instruction: 0xa050513
t: 12a
PC: 149
new_PC: 149  inst_going_in: 517

in_instruction: 0x517
in_instruction: 0x517
t: 12c
PC: 150
new_PC: 150  inst_going_in: 87aa2025

in_instruction: 0x87aa2025
in_instruction: 0x87aa2025
t: 12e
PC: 151
new_PC: 151  inst_going_in: 50513

in_instruction: 0x50513
in_instruction: 0x50513
t: 130
PC: 152
new_PC: 152  inst_going_in: 30563

in_instruction: 0x30563
in_instruction: 0x30563
t: 132
PC: 153
new_PC: 153  inst_going_in: 30313

in_instruction: 0x30313
in_instruction: 0x30313
t: 134
PC: 154
new_PC: 154  inst_going_in: 337

in_instruction: 0x337
in_instruction: 0x337
t: 136
PC: 155
new_PC: 155  inst_going_in: c9918585

in_instruction: 0xc9918585
in_instruction: 0xc9918585
t: 138
PC: 156
new_PC: 156  inst_going_in: 95be01f5

in_instruction: 0x95be01f5
in_instruction: 0x95be01f5
t: 13a
PC: 157
new_PC: 157  inst_going_in: d7938589

in_instruction: 0xd7938589
in_instruction: 0xd7938589
t: 13c
PC: 158
new_PC: 158  inst_going_in: 8d9d0007

in_instruction: 0x8d9d0007
in_instruction: 0x8d9d0007
t: 13e
PC: 159
new_PC: 159  inst_going_in: 5936749

in_instruction: 0x5936749
in_instruction: 0x5936749
t: 140
PC: 160
new_PC: 160  inst_going_in: 50793

in_instruction: 0x50793
in_instruction: 0x50793
t: 142
PC: 161
new_PC: 161  inst_going_in: 65498082

in_instruction: 0x65498082
in_instruction: 0x65498082
t: 144
PC: 162
new_PC: 162  inst_going_in: 83020005

in_instruction: 0x83020005
in_instruction: 0x83020005
t: 146
PC: 163
new_PC: 163  inst_going_in: 5130003

in_instruction: 0x5130003
in_instruction: 0x5130003
t: 148
PC: 164
new_PC: 164  inst_going_in: 5630003

in_instruction: 0x5630003
in_instruction: 0x5630003
t: 14a
PC: 165
new_PC: 165  inst_going_in: 3130000

in_instruction: 0x3130000
in_instruction: 0x3130000
t: 14c
PC: 166
new_PC: 166  inst_going_in: 33700f7

in_instruction: 0x33700f7
in_instruction: 0x33700f7
t: 14e
PC: 167
new_PC: 167  inst_going_in: b36293

in_instruction: 0xb36293
in_instruction: 0xb36293
t: 150
PC: 168
new_PC: 168  inst_going_in: b36293

in_instruction: 0xb36293
in_instruction: 0xb36293
t: 152
PC: 169
new_PC: 169  inst_going_in: b36293

in_instruction: 0xb36293
in_instruction: 0xb36293
t: 154
PC: 170
new_PC: 170  inst_going_in: b36293

in_instruction: 0xb36293
in_instruction: 0xb36293
t: 156
PC: 171
new_PC: 171  inst_going_in: b36293

in_instruction: 0xb36293
in_instruction: 0xb36293
t: 158
PC: 172
new_PC: 172  inst_going_in: b36293

in_instruction: 0xb36293
in_instruction: 0xb36293
t: 15a
PC: 173
new_PC: 173  inst_going_in: b36293

in_instruction: 0xb36293
in_instruction: 0xb36293
t: 15c
PC: 174
new_PC: 174  inst_going_in: bf558082

in_instruction: 0xbf558082
in_instruction: 0xbf558082
t: 15e
PC: 175
new_PC: 175  inst_going_in: 1414422

in_instruction: 0x1414422
in_instruction: 0x1414422
t: 160
PC: 176
new_PC: 176  inst_going_in: 40b200f4

in_instruction: 0x40b200f4
in_instruction: 0x40b200f4
t: 162
PC: 177
new_PC: 177  inst_going_in: c234785

in_instruction: 0xc234785
in_instruction: 0xc234785
t: 164
PC: 178
new_PC: 178  inst_going_in: 3745e789

in_instruction: 0x3745e789
in_instruction: 0x3745e789
t: 166
PC: 179
new_PC: 179  inst_going_in: c6060184

in_instruction: 0xc6060184
in_instruction: 0xc6060184
t: 168
PC: 180
new_PC: 180  inst_going_in: 47836449

in_instruction: 0x47836449
in_instruction: 0x47836449
t: 16a
PC: 181
new_PC: 181  inst_going_in: c4221141

in_instruction: 0xc4221141
in_instruction: 0xc4221141
t: 16c
PC: 182
new_PC: 182  inst_going_in: 80828302

in_instruction: 0x80828302
in_instruction: 0x80828302
t: 16e
PC: 183
new_PC: 183  inst_going_in: b36293

in_instruction: 0xb36293
in_instruction: 0xb36293
t: 170
PC: 184
new_PC: 184  inst_going_in: b36293

in_instruction: 0xb36293
in_instruction: 0xb36293
t: 172
PC: 185
new_PC: 185  inst_going_in: b36293

in_instruction: 0xb36293
in_instruction: 0xb36293
t: 174
PC: 186
new_PC: 186  inst_going_in: b36293

in_instruction: 0xb36293
in_instruction: 0xb36293
t: 176
PC: 187
new_PC: 187  inst_going_in: b36293

in_instruction: 0xb36293
in_instruction: 0xb36293
t: 178
PC: 188
new_PC: 188  inst_going_in: b36293

in_instruction: 0xb36293
in_instruction: 0xb36293
t: 17a
PC: 189
new_PC: 189  inst_going_in: b36293

in_instruction: 0xb36293
in_instruction: 0xb36293
t: 17c
PC: 190
new_PC: 190  inst_going_in: b36293

in_instruction: 0xb36293
in_instruction: 0xb36293
t: 17e
PC: 191
new_PC: 191  inst_going_in: b36293

in_instruction: 0xb36293
in_instruction: 0xb36293
t: 180
PC: 192
new_PC: 192  inst_going_in: b36293

in_instruction: 0xb36293
in_instruction: 0xb36293
t: 182
PC: 193
new_PC: 193  inst_going_in: b36293

in_instruction: 0xb36293
in_instruction: 0xb36293
t: 184
PC: 194
new_PC: 194  inst_going_in: b36293

in_instruction: 0xb36293
in_instruction: 0xb36293
t: 186
PC: 195
new_PC: 195  inst_going_in: b36293

in_instruction: 0xb36293
in_instruction: 0xb36293
t: 188
PC: 196
new_PC: 196  inst_going_in: b36293

in_instruction: 0xb36293
in_instruction: 0xb36293
t: 18a
PC: 197
new_PC: 197  inst_going_in: b36293

in_instruction: 0xb36293
in_instruction: 0xb36293
t: 18c
PC: 198
new_PC: 198  inst_going_in: b36293

in_instruction: 0xb36293
in_instruction: 0xb36293
t: 18e
PC: 199
new_PC: 199  inst_going_in: 854e85d2

in_instruction: 0x854e85d2
in_instruction: 0x854e85d2
t: 190
PC: 200
new_PC: 200  inst_going_in: 8656401c

in_instruction: 0x8656401c
in_instruction: 0x8656401c
t: 192
PC: 201
new_PC: 201  inst_going_in: 448189aa

in_instruction: 0x448189aa
in_instruction: 0x448189aa
t: 194
PC: 202
new_PC: 202  inst_going_in: 8a2e8ab2

in_instruction: 0x8a2e8ab2
in_instruction: 0x8a2e8ab2
t: 196
PC: 203
new_PC: 203  inst_going_in: 90f63

in_instruction: 0x90f63
in_instruction: 0x90f63
t: 198
PC: 204
new_PC: 204  inst_going_in: 40295913

in_instruction: 0x40295913
in_instruction: 0x40295913
t: 19a
PC: 205
new_PC: 205  inst_going_in: c256c452

in_instruction: 0xc256c452
in_instruction: 0xc256c452
t: 19c
PC: 206
new_PC: 206  inst_going_in: c64eca26

in_instruction: 0xc64eca26
in_instruction: 0xc64eca26
t: 19e
PC: 207
new_PC: 207  inst_going_in: ce064089

in_instruction: 0xce064089
in_instruction: 0xce064089
t: 1a0
PC: 208
new_PC: 208  inst_going_in: 933b7a9

in_instruction: 0x933b7a9
in_instruction: 0x933b7a9
t: 1a2
PC: 209
new_PC: 209  inst_going_in: 9130000

in_instruction: 0x9130000
in_instruction: 0x9130000
t: 1a4
PC: 210
new_PC: 210  inst_going_in: 2917b7e4

in_instruction: 0x2917b7e4
in_instruction: 0x2917b7e4
t: 1a6
PC: 211
new_PC: 211  inst_going_in: 4130000

in_instruction: 0x4130000
in_instruction: 0x4130000
t: 1a8
PC: 212
new_PC: 212  inst_going_in: 2417c84a

in_instruction: 0x2417c84a
in_instruction: 0x2417c84a
t: 1aa
PC: 213
new_PC: 213  inst_going_in: cc221101

in_instruction: 0xcc221101
in_instruction: 0xcc221101
t: 1ac
PC: 214
new_PC: 214  inst_going_in: b36293

in_instruction: 0xb36293
in_instruction: 0xb36293
t: 1ae
PC: 215
new_PC: 215  inst_going_in: 527a01

in_instruction: 0x527a01
in_instruction: 0x527a01
t: 1b0
PC: 216
new_PC: 216  inst_going_in: 10

in_instruction: 0x10
in_instruction: 0x10
t: 1b2
PC: 217
new_PC: 217  inst_going_in: 28

in_instruction: 0x28
in_instruction: 0x28
t: 1b4
PC: 218
new_PC: 218  inst_going_in: fffffea0

in_instruction: 0xfffffea0
in_instruction: 0xfffffea0
t: 1b6
PC: 219
new_PC: 219  inst_going_in: 1

in_instruction: 0x1
in_instruction: 0x1
t: 1b8
PC: 220
new_PC: 220  inst_going_in: 10

in_instruction: 0x10
in_instruction: 0x10
t: 1ba
PC: 221
new_PC: 221  inst_going_in: 3b031b01

in_instruction: 0x3b031b01
in_instruction: 0x3b031b01
t: 1bc
PC: 222
new_PC: 222  inst_going_in: 8082

in_instruction: 0x8082
in_instruction: 0x8082
t: 1be
PC: 223
new_PC: 223  inst_going_in: 80826105

in_instruction: 0x80826105
in_instruction: 0x80826105
t: 1c0
PC: 224
new_PC: 224  inst_going_in: 4a924a22

in_instruction: 0x4a924a22
in_instruction: 0x4a924a22
t: 1c2
PC: 225
new_PC: 225  inst_going_in: 49b24942

in_instruction: 0x49b24942
in_instruction: 0x49b24942
t: 1c4
PC: 226
new_PC: 226  inst_going_in: 44d24462

in_instruction: 0x44d24462
in_instruction: 0x44d24462
t: 1c6
PC: 227
new_PC: 227  inst_going_in: 40f2fe99

in_instruction: 0x40f2fe99
in_instruction: 0x40f2fe99
t: 1c8
PC: 228
new_PC: 228  inst_going_in: 19e30411

in_instruction: 0x19e30411
in_instruction: 0x19e30411
t: 1ca
PC: 229
new_PC: 229  inst_going_in: 97820485

in_instruction: 0x97820485
in_instruction: 0x97820485
t: 1cc
PC: 230
new_PC: 230  inst_going_in: 28

in_instruction: 0x28
in_instruction: 0x28
t: 1ce
PC: 231
new_PC: 231  inst_going_in: fffffe70

in_instruction: 0xfffffe70
in_instruction: 0xfffffe70
t: 1d0
PC: 232
new_PC: 232  inst_going_in: 18

in_instruction: 0x18
in_instruction: 0x18
t: 1d2
PC: 233
new_PC: 233  inst_going_in: 10

in_instruction: 0x10
in_instruction: 0x10
t: 1d4
PC: 234
new_PC: 234  inst_going_in: 20d1b

in_instruction: 0x20d1b
in_instruction: 0x20d1b
t: 1d6
PC: 235
new_PC: 235  inst_going_in: 1017c01

in_instruction: 0x1017c01
in_instruction: 0x1017c01
t: 1d8
PC: 236
new_PC: 236  inst_going_in: 11f0c

in_instruction: 0x11f0c
in_instruction: 0x11f0c
t: 1da
PC: 237
new_PC: 237  inst_going_in: 1a

in_instruction: 0x1a
in_instruction: 0x1a
t: 1dc
PC: 238
new_PC: 238  inst_going_in: 4

in_instruction: 0x4
in_instruction: 0x4
t: 1de
PC: 239
new_PC: 239  inst_going_in: 1b

in_instruction: 0x1b
in_instruction: 0x1b
t: 1e0
PC: 240
new_PC: 240  inst_going_in: 11f08

in_instruction: 0x11f08
in_instruction: 0x11f08
t: 1e2
PC: 241
new_PC: 241  inst_going_in: 19

in_instruction: 0x19
in_instruction: 0x19
t: 1e4
PC: 242
new_PC: 242  inst_going_in: 4

in_instruction: 0x4
in_instruction: 0x4
t: 1e6
PC: 243
new_PC: 243  inst_going_in: 21

in_instruction: 0x21
in_instruction: 0x21
t: 1e8
PC: 244
new_PC: 244  inst_going_in: 11f04

in_instruction: 0x11f04
in_instruction: 0x11f04
t: 1ea
PC: 245
new_PC: 245  inst_going_in: 20

in_instruction: 0x20
in_instruction: 0x20
t: 1ec
PC: 246
new_PC: 246  inst_going_in: 1

in_instruction: 0x1
in_instruction: 0x1
t: 1ee
PC: 247
new_PC: 247  inst_going_in: 1

in_instruction: 0x1
in_instruction: 0x1
t: 1f0
PC: 248
new_PC: 248  inst_going_in: 10304

in_instruction: 0x10304
in_instruction: 0x10304
t: 1f2
PC: 249
new_PC: 249  inst_going_in: 10322

in_instruction: 0x10322
in_instruction: 0x10322
t: 1f4
PC: 250
new_PC: 250  inst_going_in: 102a8

in_instruction: 0x102a8
in_instruction: 0x102a8
t: 1f6
PC: 251
new_PC: 251  inst_going_in: 15

in_instruction: 0x15
in_instruction: 0x15
t: 1f8
PC: 252
new_PC: 252  inst_going_in: 10

in_instruction: 0x10
in_instruction: 0x10
t: 1fa
PC: 253
new_PC: 253  inst_going_in: b

in_instruction: 0xb
in_instruction: 0xb
t: 1fc
PC: 254
new_PC: 254  inst_going_in: 28

in_instruction: 0x28
in_instruction: 0x28
t: 1fe
PC: 255
new_PC: 255  inst_going_in: a

in_instruction: 0xa
in_instruction: 0xa
t: 200
PC: 256
new_PC: 256  inst_going_in: 101cc

in_instruction: 0x101cc
in_instruction: 0x101cc
t: 202
PC: 257
new_PC: 257  inst_going_in: 6

in_instruction: 0x6
in_instruction: 0x6
t: 204
PC: 258
new_PC: 258  inst_going_in: 101ec

in_instruction: 0x101ec
in_instruction: 0x101ec
t: 206
PC: 259
new_PC: 259  inst_going_in: 5

in_instruction: 0x5
in_instruction: 0x5
t: 208
PC: 260
new_PC: 260  inst_going_in: 101ac

in_instruction: 0x101ac
in_instruction: 0x101ac
t: 20a
PC: 261
new_PC: 261  inst_going_in: 6ffffef5

in_instruction: 0x6ffffef5
in_instruction: 0x6ffffef5
t: 20c
PC: 262
new_PC: 262  inst_going_in: 10198

in_instruction: 0x10198
in_instruction: 0x10198
t: 20e
PC: 263
new_PC: 263  inst_going_in: 4

in_instruction: 0x4
in_instruction: 0x4
t: 210
PC: 264
new_PC: 264  inst_going_in: 4

in_instruction: 0x4
in_instruction: 0x4
t: 212
PC: 265
new_PC: 265  inst_going_in: 1c

in_instruction: 0x1c
in_instruction: 0x1c
t: 214
PC: 266
new_PC: 266  inst_going_in: 10218

in_instruction: 0x10218
in_instruction: 0x10218
t: 216
PC: 267
new_PC: 267  inst_going_in: 6ffffffe

in_instruction: 0x6ffffffe
in_instruction: 0x6ffffffe
t: 218
PC: 268
new_PC: 268  inst_going_in: c

in_instruction: 0xc
in_instruction: 0xc
t: 21a
PC: 269
new_PC: 269  inst_going_in: 9

in_instruction: 0x9
in_instruction: 0x9
t: 21c
PC: 270
new_PC: 270  inst_going_in: c

in_instruction: 0xc
in_instruction: 0xc
t: 21e
PC: 271
new_PC: 271  inst_going_in: 8

in_instruction: 0x8
in_instruction: 0x8
t: 220
PC: 272
new_PC: 272  inst_going_in: 10238

in_instruction: 0x10238
in_instruction: 0x10238
t: 222
PC: 273
new_PC: 273  inst_going_in: 7

in_instruction: 0x7
in_instruction: 0x7
t: 224
PC: 274
new_PC: 274  inst_going_in: 10238

in_instruction: 0x10238
in_instruction: 0x10238
t: 226
PC: 275
new_PC: 275  inst_going_in: 17

in_instruction: 0x17
in_instruction: 0x17
t: 228
PC: 276
new_PC: 276  inst_going_in: 7

in_instruction: 0x7
in_instruction: 0x7
t: 22a
PC: 277
new_PC: 277  inst_going_in: 14

in_instruction: 0x14
in_instruction: 0x14
t: 22c
PC: 278
new_PC: 278  inst_going_in: c

in_instruction: 0xc
in_instruction: 0xc
t: 22e
PC: 279
new_PC: 279  inst_going_in: 2

in_instruction: 0x2
in_instruction: 0x2
t: 230
PC: 280
new_PC: 280  inst_going_in: 12000

in_instruction: 0x12000
in_instruction: 0x12000
t: 232
PC: 281
new_PC: 281  inst_going_in: 3

in_instruction: 0x3
in_instruction: 0x3
t: 234
PC: 282
new_PC: 282  inst_going_in: 10214

in_instruction: 0x10214
in_instruction: 0x10214
t: 236
PC: 283
new_PC: 283  inst_going_in: 6ffffff0

in_instruction: 0x6ffffff0
in_instruction: 0x6ffffff0
t: 238
PC: 284
new_PC: 284  inst_going_in: 1

in_instruction: 0x1
in_instruction: 0x1
t: 23a
PC: 285
new_PC: 285  inst_going_in: 6fffffff

in_instruction: 0x6fffffff
in_instruction: 0x6fffffff
t: 23c
PC: 286
new_PC: 286  inst_going_in: 20001

in_instruction: 0x20001
in_instruction: 0x20001
t: 23e
PC: 287
new_PC: 287  inst_going_in: 11f10

in_instruction: 0x11f10
in_instruction: 0x11f10
t: 240
PC: 288
new_PC: 288  inst_going_in: 10250

in_instruction: 0x10250
in_instruction: 0x10250
t: 242
PC: 289
new_PC: 289  inst_going_in: ffffffff

in_instruction: 0xffffffff
in_instruction: 0xffffffff
t: 244
PC: 290

in_instruction: 0x0
in_instruction: 0x0
t: 582
PC: 291

in_instruction: 0x0
in_instruction: 0x0
t: 584
PC: 292

in_instruction: 0x0
in_instruction: 0x0
t: 586
PC: 293

in_instruction: 0x0
in_instruction: 0x0
t: 588
PC: 294

in_instruction: 0x0
in_instruction: 0x0
t: 590
PC: 295

in_instruction: 0x0
in_instruction: 0x0
t: 592
PC: 296

in_instruction: 0x0
in_instruction: 0x0
t: 594
PC: 297

in_instruction: 0x0
in_instruction: 0x0
t: 596
PC: 298

in_instruction: 0x0
in_instruction: 0x0
t: 598
PC: 299

in_instruction: 0x0
in_instruction: 0x0
t: 600
PC: 300

