Flow report for rocketchip
Mon Nov 26 17:37:09 2018
Quartus Prime Version 17.1.0 Build 590 10/25/2017 SJ Standard Edition


---------------------
; Table of Contents ;
---------------------
  1. Legal Notice
  2. Flow Summary
  3. Flow Settings
  4. Flow Non-Default Global Settings
  5. Flow Elapsed Time
  6. Flow OS Summary
  7. Flow Log
  8. Flow Messages
  9. Flow Suppressed Messages



----------------
; Legal Notice ;
----------------
Copyright (C) 2017  Intel Corporation. All rights reserved.
Your use of Intel Corporation's design tools, logic functions 
and other software and tools, and its AMPP partner logic 
functions, and any output files from any of the foregoing 
(including device programming or simulation files), and any 
associated documentation or information are expressly subject 
to the terms and conditions of the Intel Program License 
Subscription Agreement, the Intel Quartus Prime License Agreement,
the Intel FPGA IP License Agreement, or other applicable license
agreement, including, without limitation, that your use is for
the sole purpose of programming logic devices manufactured by
Intel and sold by Intel or its authorized distributors.  Please
refer to the applicable agreement for further details.



+-------------------------------------------------------------------------------+
; Flow Summary                                                                  ;
+-----------------------------+-------------------------------------------------+
; Flow Status                 ; Successful - Mon Nov 26 17:36:58 2018           ;
; Quartus Prime Version       ; 17.1.0 Build 590 10/25/2017 SJ Standard Edition ;
; Revision Name               ; rocketchip                                      ;
; Top-level Entity Name       ; Pipeline                                        ;
; Family                      ; Arria 10                                        ;
; Device                      ; 10AX115N3F40E2SG                                ;
; Timing Models               ; Final                                           ;
; Logic utilization (in ALMs) ; 949 / 427,200 ( < 1 % )                         ;
; Total registers             ; 973                                             ;
; Total pins                  ; 2 / 826 ( < 1 % )                               ;
; Total virtual pins          ; 194                                             ;
; Total block memory bits     ; 51,200 / 55,562,240 ( < 1 % )                   ;
; Total DSP Blocks            ; 0 / 1,518 ( 0 % )                               ;
; Total HSSI RX channels      ; 0 / 48 ( 0 % )                                  ;
; Total HSSI TX channels      ; 0 / 48 ( 0 % )                                  ;
; Total PLLs                  ; 0 / 112 ( 0 % )                                 ;
+-----------------------------+-------------------------------------------------+


+-----------------------------------------+
; Flow Settings                           ;
+-------------------+---------------------+
; Option            ; Setting             ;
+-------------------+---------------------+
; Start date & time ; 11/26/2018 17:33:23 ;
; Main task         ; Compilation         ;
; Revision Name     ; rocketchip          ;
+-------------------+---------------------+


+------------------------------------------------------------------------------------------------------+
; Flow Non-Default Global Settings                                                                     ;
+--------------------------+--------------------------------+---------------+-------------+------------+
; Assignment Name          ; Value                          ; Default Value ; Entity Name ; Section Id ;
+--------------------------+--------------------------------+---------------+-------------+------------+
; COMPILER_SIGNATURE_ID    ; 14038004781190.154327160332030 ; --            ; --          ; --         ;
; NUM_PARALLEL_PROCESSORS  ; All                            ; --            ; --          ; --         ;
; PROJECT_OUTPUT_DIRECTORY ; output_files                   ; --            ; --          ; --         ;
; TOP_LEVEL_ENTITY         ; Pipeline                       ; rocketchip    ; --          ; --         ;
+--------------------------+--------------------------------+---------------+-------------+------------+


+-------------------------------------------------------------------------------------------------------------------------------+
; Flow Elapsed Time                                                                                                             ;
+---------------------------+--------------+-------------------------+---------------------+------------------------------------+
; Module Name               ; Elapsed Time ; Average Processors Used ; Peak Virtual Memory ; Total CPU Time (on all processors) ;
+---------------------------+--------------+-------------------------+---------------------+------------------------------------+
; Analysis & Synthesis      ; 00:00:14     ; 1.0                     ; 1007 MB             ; 00:00:31                           ;
; Fitter                    ; 00:03:13     ; 1.3                     ; 6829 MB             ; 00:07:15                           ;
; Assembler                 ; 00:00:06     ; 1.0                     ; 1181 MB             ; 00:00:05                           ;
; TimeQuest Timing Analyzer ; 00:00:11     ; 1.1                     ; 2945 MB             ; 00:00:18                           ;
; Total                     ; 00:03:44     ; --                      ; --                  ; 00:08:09                           ;
+---------------------------+--------------+-------------------------+---------------------+------------------------------------+


+---------------------------------------------------------------------------------------------+
; Flow OS Summary                                                                             ;
+---------------------------+------------------+----------------+------------+----------------+
; Module Name               ; Machine Hostname ; OS Name        ; OS Version ; Processor type ;
+---------------------------+------------------+----------------+------------+----------------+
; Analysis & Synthesis      ; casl-X10SRA      ; Ubuntu 14.04.5 ; 14         ; x86_64         ;
; Fitter                    ; casl-X10SRA      ; Ubuntu 14.04.5 ; 14         ; x86_64         ;
; Assembler                 ; casl-X10SRA      ; Ubuntu 14.04.5 ; 14         ; x86_64         ;
; TimeQuest Timing Analyzer ; casl-X10SRA      ; Ubuntu 14.04.5 ; 14         ; x86_64         ;
+---------------------------+------------------+----------------+------------+----------------+


------------
; Flow Log ;
------------
quartus_map rocketchip --read_settings_files=on
quartus_fit rocketchip --part=10AX115N3F40E2SG --read_settings_files=on
quartus_asm rocketchip
quartus_sta rocketchip --do_report_timing



