Info: *******************************************************************
Info: Running Quartus Prime Shell
    Info: Version 17.1.0 Build 590 10/25/2017 SJ Standard Edition
    Info: Copyright (C) 2017  Intel Corporation. All rights reserved.
    Info: Your use of Intel Corporation's design tools, logic functions 
    Info: and other software and tools, and its AMPP partner logic 
    Info: functions, and any output files from any of the foregoing 
    Info: (including device programming or simulation files), and any 
    Info: associated documentation or information are expressly subject 
    Info: to the terms and conditions of the Intel Program License 
    Info: Subscription Agreement, the Intel Quartus Prime License Agreement,
    Info: the Intel FPGA IP License Agreement, or other applicable license
    Info: agreement, including, without limitation, that your use is for
    Info: the sole purpose of programming logic devices manufactured by
    Info: Intel and sold by Intel or its authorized distributors.  Please
    Info: refer to the applicable agreement for further details.
    Info: Processing started: Tue Nov 27 13:43:21 2018
Info: Command: quartus_sh --determine_smart_action rocketchip
Info: Quartus(args): rocketchip
Info (293032): Detected changes in source files.
    Info (293027): Source file: /home/fares/Desktop/Projects/Pipeline/src/pipeline.v has changed.
Info: SMART_ACTION = SOURCE
Info (23030): Evaluation of Tcl script /home/fares/intelFPGA/17.1/quartus/common/tcl/internal/qsh_smart.tcl was successful
Info: Quartus Prime Shell was successful. 0 errors, 0 warnings
    Info: Peak virtual memory: 793 megabytes
    Info: Processing ended: Tue Nov 27 13:43:21 2018
    Info: Elapsed time: 00:00:00
    Info: Total CPU time (on all processors): 00:00:00
